Unity Editor version:    2020.3.19f1 (68f137dc9bbe)
Branch:                  2020.3/staging
Build type:              Release
Batch mode:              YES
macOS version:           Version 10.15.7 (Build 19H1419)
Darwin version:          19.6.0
Architecture:            x86_64
Running under Rosetta:   NO
Available memory:        16384 MB
Using pre-set license
Pro License: NO

COMMAND LINE ARGUMENTS:
/Users/bradfordarmstrong/Projects/unity/2020.3.19f1/Unity.app/Contents/MacOS/Unity
-adb2
-batchMode
-noUpm
-name
AssetImportWorker0
-projectPath
/Users/bradfordarmstrong/Projects/unity/New Unity Project
-logFile
Logs/AssetImportWorker0.log
-srvPort
53429
Successfully changed project path to: /Users/bradfordarmstrong/Projects/unity/New Unity Project
/Users/bradfordarmstrong/Projects/unity/New Unity Project
Using Asset Import Pipeline V2.
Refreshing native plugins compatible for Editor in 47.43 ms, found 3 plugins.
Preloading 0 native plugins for Editor in 0.00 ms.
Initialize engine version: 2020.3.19f1 (68f137dc9bbe)
[Subsystems] Discovering subsystems at path /Users/bradfordarmstrong/Projects/unity/2020.3.19f1/Unity.app/Contents/Resources/UnitySubsystems
[Subsystems] Discovering subsystems at path /Users/bradfordarmstrong/Projects/unity/New Unity Project/Assets
GfxDevice: creating device client; threaded=0
2021-11-30 11:09:51.218 Unity[2910:196565] Color LCD preferred device: AMD Radeon Pro 5500M (high power)
2021-11-30 11:09:51.218 Unity[2910:196565] Metal devices available: 2
2021-11-30 11:09:51.218 Unity[2910:196565] 0: AMD Radeon Pro 5500M (high power)
2021-11-30 11:09:51.218 Unity[2910:196565] 1: Intel(R) UHD Graphics 630 (low power)
2021-11-30 11:09:51.219 Unity[2910:196565] Using device AMD Radeon Pro 5500M (high power)
Initializing Metal device caps: AMD Radeon Pro 5500M
Initialize mono
Mono path[0] = '/Users/bradfordarmstrong/Projects/unity/2020.3.19f1/Unity.app/Contents/Managed'
Mono path[1] = '/Users/bradfordarmstrong/Projects/unity/2020.3.19f1/Unity.app/Contents/MonoBleedingEdge/lib/mono/unityjit'
Mono config path = '/Users/bradfordarmstrong/Projects/unity/2020.3.19f1/Unity.app/Contents/MonoBleedingEdge/etc'
Using monoOptions --debugger-agent=transport=dt_socket,embedding=1,server=y,suspend=n,address=127.0.0.1:56910
Begin MonoManager ReloadAssembly
Registering precompiled unity dll's ...
Register platform support module: /Users/bradfordarmstrong/Projects/unity/2020.3.19f1/Unity.app/Contents/PlaybackEngines/MacStandaloneSupport/UnityEditor.OSXStandalone.Extensions.dll
Registered in 0.000440 seconds.
Native extension for OSXStandalone target not found
Refreshing native plugins compatible for Editor in 36.14 ms, found 3 plugins.
Preloading 0 native plugins for Editor in 0.00 ms.
Mono: successfully reloaded assembly
- Completed reload, in  1.735 seconds
Domain Reload Profiling:
	ReloadAssembly (1735ms)
		BeginReloadAssembly (41ms)
			ExecutionOrderSort (0ms)
			DisableScriptedObjects (0ms)
			BackupInstance (0ms)
			ReleaseScriptingObjects (0ms)
			CreateAndSetChildDomain (1ms)
		EndReloadAssembly (474ms)
			LoadAssemblies (40ms)
			RebuildTransferFunctionScriptingTraits (0ms)
			SetupTypeCache (190ms)
			ReleaseScriptCaches (0ms)
			RebuildScriptCaches (41ms)
			SetupLoadedEditorAssemblies (187ms)
				LogAssemblyErrors (0ms)
				InitializePlatformSupportModulesInManaged (4ms)
				SetLoadedEditorAssemblies (0ms)
				RefreshPlugins (36ms)
				BeforeProcessingInitializeOnLoad (8ms)
				ProcessInitializeOnLoadAttributes (104ms)
				ProcessInitializeOnLoadMethodAttributes (35ms)
				AfterProcessingInitializeOnLoad (0ms)
				EditorAssembliesLoaded (0ms)
			ExecutionOrderSort2 (0ms)
			AwakeInstancesAfterBackupRestoration (0ms)
Platform modules already initialized, skipping
Registering precompiled user dll's ...
Registered in 0.001411 seconds.
Begin MonoManager ReloadAssembly
Native extension for OSXStandalone target not found
Refreshing native plugins compatible for Editor in 38.10 ms, found 3 plugins.
Preloading 0 native plugins for Editor in 0.00 ms.
Mono: successfully reloaded assembly
- Completed reload, in  1.244 seconds
Domain Reload Profiling:
	ReloadAssembly (1245ms)
		BeginReloadAssembly (157ms)
			ExecutionOrderSort (0ms)
			DisableScriptedObjects (5ms)
			BackupInstance (0ms)
			ReleaseScriptingObjects (0ms)
			CreateAndSetChildDomain (33ms)
		EndReloadAssembly (1016ms)
			LoadAssemblies (101ms)
			RebuildTransferFunctionScriptingTraits (0ms)
			SetupTypeCache (356ms)
			ReleaseScriptCaches (0ms)
			RebuildScriptCaches (63ms)
			SetupLoadedEditorAssemblies (355ms)
				LogAssemblyErrors (0ms)
				InitializePlatformSupportModulesInManaged (4ms)
				SetLoadedEditorAssemblies (0ms)
				RefreshPlugins (38ms)
				BeforeProcessingInitializeOnLoad (58ms)
				ProcessInitializeOnLoadAttributes (241ms)
				ProcessInitializeOnLoadMethodAttributes (13ms)
				AfterProcessingInitializeOnLoad (1ms)
				EditorAssembliesLoaded (0ms)
			ExecutionOrderSort2 (0ms)
			AwakeInstancesAfterBackupRestoration (7ms)
Platform modules already initialized, skipping
Validating Project structure ... 0.000647 seconds.
Shader import version has changed; will reimport all shaders...
Upgrading shader files ...0.000876 seconds.
Application.AssetDatabase Initial Script Refresh Start
RefreshInfo: InitialScriptRefreshV2(NoUpdateAssetOptions) scanfilter:  ... 1 filters
RefreshProfiler: Total: 0.000ms
Application.AssetDatabase Initial Script Refresh End
Application.AssetDatabase.Refresh Start
Application.AssetDatabase.Refresh End
RefreshInfo: StopAssetImportingV2(ForceSynchronousImport) scanfilter: 
RefreshProfiler: Total: 0.000ms
Launching external process: /Users/bradfordarmstrong/Projects/unity/2020.3.19f1/Unity.app/Contents/Tools/UnityShaderCompiler
Launched and connected shader compiler UnityShaderCompiler after 0.02 seconds
Initializing Unity extensions:
========================================================================
Worker process is ready to serve import requests
Refreshing native plugins compatible for Editor in 0.43 ms, found 3 plugins.
Preloading 0 native plugins for Editor in 0.00 ms.
Unloading 2117 Unused Serialized files (Serialized files now loaded: 0)
System memory in use before: 195.6 MB.
System memory in use after: 194.8 MB.

Unloading 101 unused Assets to reduce memory usage. Loaded Objects now: 2595.
Total: 3.615753 ms (FindLiveObjects: 0.207862 ms CreateObjectMapping: 0.079107 ms MarkObjects: 2.847769 ms  DeleteObjects: 0.480375 ms)

AssetImportParameters requested are different than current active one (requested -> active):
  custom:video-decoder-ogg-theora: a1e56fd34408186e4bbccfd4996cb3dc -> 
  custom:container-muxer-webm: aa71ff27fc2769a1b78a27578f13a17b -> 
  custom:container-demuxer-webm: 4f35f7cbe854078d1ac9338744f61a02 -> 
  custom:container-demuxer-ogg: 62fdf1f143b41e24485cea50d1cbac27 -> 
  custom:video-encoder-webm-vp8: eb34c28f22e8b96e1ab97ce403110664 -> 
  custom:framework-osx-AVFoundation: b23960f63f64bdc6ff669e2cdcee2391 -> 
  custom:video-decoder-webm-vp8: 9c59270c3fd7afecdb556c50c9e8de78 -> 
  custom:audio-decoder-ogg-vorbis: bf7c407c2cedff20999df2af8eb42d56 -> 
  custom:audio-encoder-webm-vorbis: bf7c407c2cedff20999df2af8eb42d56 -> 
========================================================================
Received Import Request.
  path: Assets/AnimationImporter/Editor
  artifactKey: Guid(ae4fd0cb3021c79459f434d254161766) Importer(815301076,1909f56bfc062723c751e8b465ee728b)
Start importing Assets/AnimationImporter/Editor using Guid(ae4fd0cb3021c79459f434d254161766) Importer(815301076,1909f56bfc062723c751e8b465ee728b)  -> (artifact id: 'bf54bcf2cccc54cc513bb86271b36147') in 0.007871 seconds 
  Import took 0.012162 seconds .

========================================================================
Received Import Request.
  Time since last request: 66.100661 seconds.
  path: Assets/Resources/asesprites
  artifactKey: Guid(443ccb2dd00d4442383e0c7f6db2c7d9) Importer(815301076,1909f56bfc062723c751e8b465ee728b)
Start importing Assets/Resources/asesprites using Guid(443ccb2dd00d4442383e0c7f6db2c7d9) Importer(815301076,1909f56bfc062723c751e8b465ee728b)  -> (artifact id: 'b375a57493b20dc5d2eefa3b476a777d') in 0.001454 seconds 
  Import took 0.005880 seconds .

========================================================================
Received Import Request.
  Time since last request: 11.731082 seconds.
  path: Assets/Resources/AnimationImporter/AnimationImporterConfig.asset
  artifactKey: Guid(c7f534a2ec0414216b0327bcb4f57cc4) Importer(815301076,1909f56bfc062723c751e8b465ee728b)
Start importing Assets/Resources/AnimationImporter/AnimationImporterConfig.asset using Guid(c7f534a2ec0414216b0327bcb4f57cc4) Importer(815301076,1909f56bfc062723c751e8b465ee728b)  -> (artifact id: '57807eb642c85aa084c745b629fff95e') in 0.388016 seconds 
  Import took 0.392993 seconds .

========================================================================
Received Import Request.
  Time since last request: 17.236476 seconds.
  path: Assets/AnimationImporter
  artifactKey: Guid(f60cbd48baeb9e84692a5d2ba343b303) Importer(815301076,1909f56bfc062723c751e8b465ee728b)
Start importing Assets/AnimationImporter using Guid(f60cbd48baeb9e84692a5d2ba343b303) Importer(815301076,1909f56bfc062723c751e8b465ee728b)  -> (artifact id: '60ce809dcbcfe71e03fc1d7395acca4d') in 0.000894 seconds 
  Import took 0.005302 seconds .

========================================================================
Received Import Request.
  Time since last request: 745.621219 seconds.
  path: Assets/Resources/asesprites/blob-0001.aseprite
  artifactKey: Guid(6a911eb463d414d05a9ae76f08384865) Importer(815301076,1909f56bfc062723c751e8b465ee728b)
Start importing Assets/Resources/asesprites/blob-0001.aseprite using Guid(6a911eb463d414d05a9ae76f08384865) Importer(815301076,1909f56bfc062723c751e8b465ee728b)  -> (artifact id: '9ed4e29de03b70478eb14e918145c332') in 0.279667 seconds 
  Import took 0.285476 seconds .

========================================================================
Received Import Request.
  Time since last request: 23.849421 seconds.
  path: Assets/Resources/asesprites/Animations
  artifactKey: Guid(11feae9f7a8c7460ab375921e4f5cce3) Importer(815301076,1909f56bfc062723c751e8b465ee728b)
Start importing Assets/Resources/asesprites/Animations using Guid(11feae9f7a8c7460ab375921e4f5cce3) Importer(815301076,1909f56bfc062723c751e8b465ee728b)  -> (artifact id: '5c14d598838333fcd2bb16ab4d6c80c6') in 0.002079 seconds 
  Import took 0.005781 seconds .

========================================================================
Received Import Request.
  Time since last request: 1.465550 seconds.
  path: Assets/Resources/asesprites/Animations/blob-0001_omni.anim
  artifactKey: Guid(627979735c60e4c82aeac4d2ab3bc5ff) Importer(815301076,1909f56bfc062723c751e8b465ee728b)
Start importing Assets/Resources/asesprites/Animations/blob-0001_omni.anim using Guid(627979735c60e4c82aeac4d2ab3bc5ff) Importer(815301076,1909f56bfc062723c751e8b465ee728b)  -> (artifact id: 'fa6ac9d42095361b2bfe7097ce72d57b') in 0.171662 seconds 
  Import took 0.176470 seconds .

========================================================================
Received Import Request.
  Time since last request: 971.769831 seconds.
  path: Assets/Resources/asesprites/Sprites
  artifactKey: Guid(e38ed555c54764344bc03a3c2bfa19e7) Importer(815301076,1909f56bfc062723c751e8b465ee728b)
Start importing Assets/Resources/asesprites/Sprites using Guid(e38ed555c54764344bc03a3c2bfa19e7) Importer(815301076,1909f56bfc062723c751e8b465ee728b)  -> (artifact id: '1eb091e252794ab20565f8c8df3b77f8') in 0.001491 seconds 
  Import took 0.005960 seconds .

========================================================================
Received Import Request.
  Time since last request: 0.081191 seconds.
  path: Assets/Resources/asesprites/Sprites/blob-0001.png
  artifactKey: Guid(93805cbe0276b4f98a2138f34626d1eb) Importer(815301076,1909f56bfc062723c751e8b465ee728b)
Start importing Assets/Resources/asesprites/Sprites/blob-0001.png using Guid(93805cbe0276b4f98a2138f34626d1eb) Importer(815301076,1909f56bfc062723c751e8b465ee728b)  -> (artifact id: '33a5feb6fddd71a07d155a8b80e865da') in 0.418017 seconds 
  Import took 0.422939 seconds .

========================================================================
Received Import Request.
  Time since last request: 38.140059 seconds.
  path: Assets/Resources/asesprites/Animations/blob-0001_omni.anim
  artifactKey: Guid(627979735c60e4c82aeac4d2ab3bc5ff) Importer(815301076,1909f56bfc062723c751e8b465ee728b)
Start importing Assets/Resources/asesprites/Animations/blob-0001_omni.anim using Guid(627979735c60e4c82aeac4d2ab3bc5ff) Importer(815301076,1909f56bfc062723c751e8b465ee728b)  -> (artifact id: '9fec4a29f0df1b53c6606666ce3284e4') in 0.002002 seconds 
  Import took 0.006183 seconds .

========================================================================
Received Import Request.
  Time since last request: 22.717594 seconds.
  path: Assets/Resources/asesprites/blob-0001.controller
  artifactKey: Guid(e3c6a7770ff06442496b43c615c6b09b) Importer(815301076,1909f56bfc062723c751e8b465ee728b)
Start importing Assets/Resources/asesprites/blob-0001.controller using Guid(e3c6a7770ff06442496b43c615c6b09b) Importer(815301076,1909f56bfc062723c751e8b465ee728b)  -> (artifact id: '71bef7f077ca2b17d30ba924fc738a5e') in 0.138588 seconds 
  Import took 0.142902 seconds .

========================================================================
Received Import Request.
  Time since last request: 1922.322023 seconds.
  path: Assets/Resources/asesprites/blob-0001.controller
  artifactKey: Guid(e3c6a7770ff06442496b43c615c6b09b) Importer(815301076,1909f56bfc062723c751e8b465ee728b)
Start importing Assets/Resources/asesprites/blob-0001.controller using Guid(e3c6a7770ff06442496b43c615c6b09b) Importer(815301076,1909f56bfc062723c751e8b465ee728b)  -> (artifact id: '0603ecda08a1944ecd94b57255563800') in 0.004445 seconds 
  Import took 0.008798 seconds .

